<?xml version="1.0" encoding="UTF-8"?>
<!-- Generated by org.testng.reporters.JUnitXMLReporter -->
<testsuite hostname="preetham-d" name="Default test" tests="8" failures="0" timestamp="8 Oct 2012 10:11:12 GMT" time="0.138" errors="0">
  <testcase name="@BeforeClass beforeClass" time="0.0" classname="org.imaginea.mviewer.tests.TestNGClass">
    <failure type="org.testng.TestNGException" message="
Parameter &amp;apos;Browser&amp;apos; is required by @Configuration on method beforeClass but has not been marked @Optional or defined
in C:\Users\preethamd\AppData\Local\Temp\testng-eclipse--1560788989\testng-customsuite.xml">
      <![CDATA[org.testng.TestNGException: 
Parameter 'Browser' is required by @Configuration on method beforeClass but has not been marked @Optional or defined
in C:\Users\preethamd\AppData\Local\Temp\testng-eclipse--1560788989\testng-customsuite.xml
	at org.testng.internal.Parameters.createParameters(Parameters.java:155)
	at org.testng.internal.Parameters.createParameters(Parameters.java:355)
	at org.testng.internal.Parameters.createConfigurationParameters(Parameters.java:86)
	at org.testng.internal.Invoker.invokeConfigurations(Invoker.java:199)
	at org.testng.internal.Invoker.invokeConfigurations(Invoker.java:138)
	at org.testng.internal.TestMethodWorker.invokeBeforeClassMethods(TestMethodWorker.java:175)
	at org.testng.internal.TestMethodWorker.run(TestMethodWorker.java:107)
	at org.testng.TestRunner.privateRun(TestRunner.java:767)
	at org.testng.TestRunner.run(TestRunner.java:617)
	at org.testng.SuiteRunner.runTest(SuiteRunner.java:334)
	at org.testng.SuiteRunner.runSequentially(SuiteRunner.java:329)
	at org.testng.SuiteRunner.privateRun(SuiteRunner.java:291)
	at org.testng.SuiteRunner.run(SuiteRunner.java:240)
	at org.testng.SuiteRunnerWorker.runSuite(SuiteRunnerWorker.java:52)
	at org.testng.SuiteRunnerWorker.run(SuiteRunnerWorker.java:86)
	at org.testng.TestNG.runSuitesSequentially(TestNG.java:1197)
	at org.testng.TestNG.runSuitesLocally(TestNG.java:1122)
	at org.testng.TestNG.run(TestNG.java:1030)
	at org.testng.remote.RemoteTestNG.run(RemoteTestNG.java:111)
	at org.testng.remote.RemoteTestNG.initAndRun(RemoteTestNG.java:204)
	at org.testng.remote.RemoteTestNG.main(RemoteTestNG.java:175)
]]>
    </failure>
  </testcase> <!-- @BeforeClass beforeClass -->
  <testcase name="@BeforeMethod beforeMethod" time="0.0" classname="org.imaginea.mviewer.tests.TestNGClass">
    <skipped/>
  </testcase> <!-- @BeforeMethod beforeMethod -->
  <testcase name="@AfterMethod afterMethod" time="0.0" classname="org.imaginea.mviewer.tests.TestNGClass">
    <skipped/>
  </testcase> <!-- @AfterMethod afterMethod -->
  <testcase name="@BeforeMethod beforeMethod" time="0.0" classname="org.imaginea.mviewer.tests.TestNGClass">
    <skipped/>
  </testcase> <!-- @BeforeMethod beforeMethod -->
  <testcase name="@AfterMethod afterMethod" time="0.0" classname="org.imaginea.mviewer.tests.TestNGClass">
    <skipped/>
  </testcase> <!-- @AfterMethod afterMethod -->
  <testcase name="@BeforeMethod beforeMethod" time="0.0" classname="org.imaginea.mviewer.tests.TestNGClass">
    <skipped/>
  </testcase> <!-- @BeforeMethod beforeMethod -->
  <testcase name="@AfterMethod afterMethod" time="0.0" classname="org.imaginea.mviewer.tests.TestNGClass">
    <skipped/>
  </testcase> <!-- @AfterMethod afterMethod -->
  <testcase name="@BeforeMethod beforeMethod" time="0.0" classname="org.imaginea.mviewer.tests.TestNGClass">
    <skipped/>
  </testcase> <!-- @BeforeMethod beforeMethod -->
  <testcase name="@AfterMethod afterMethod" time="0.0" classname="org.imaginea.mviewer.tests.TestNGClass">
    <skipped/>
  </testcase> <!-- @AfterMethod afterMethod -->
  <testcase name="@BeforeMethod beforeMethod" time="0.0" classname="org.imaginea.mviewer.tests.TestNGClass">
    <skipped/>
  </testcase> <!-- @BeforeMethod beforeMethod -->
  <testcase name="@AfterMethod afterMethod" time="0.0" classname="org.imaginea.mviewer.tests.TestNGClass">
    <skipped/>
  </testcase> <!-- @AfterMethod afterMethod -->
  <testcase name="@AfterClass afterClass" time="0.0" classname="org.imaginea.mviewer.tests.TestNGClass">
    <skipped/>
  </testcase> <!-- @AfterClass afterClass -->
  <testcase name="@AfterTest afterTest" time="0.0" classname="org.imaginea.mviewer.tests.TestNGClass">
    <skipped/>
  </testcase> <!-- @AfterTest afterTest -->
  <testcase name="verifyLoginpage" time="0.002" classname="org.imaginea.mviewer.tests.TestNGClass">
    <skipped/>
  </testcase> <!-- verifyLoginpage -->
  <testcase name="verifyLoginpage" time="0.001" classname="org.imaginea.mviewer.tests.TestNGClass">
    <skipped/>
  </testcase> <!-- verifyLoginpage -->
  <testcase name="verifyLoginpage" time="0.001" classname="org.imaginea.mviewer.tests.TestNGClass">
    <skipped/>
  </testcase> <!-- verifyLoginpage -->
  <testcase name="verifyLoginpage" time="0.002" classname="org.imaginea.mviewer.tests.TestNGClass">
    <skipped/>
  </testcase> <!-- verifyLoginpage -->
  <testcase name="verifyLoginpage" time="0.001" classname="org.imaginea.mviewer.tests.TestNGClass">
    <skipped/>
  </testcase> <!-- verifyLoginpage -->
  <testcase name="loginmViewer" time="0.027" classname="org.imaginea.mviewer.tests.TestNGClass">
    <skipped/>
  </testcase> <!-- loginmViewer -->
  <testcase name="verifyHomePage" time="0.0" classname="org.imaginea.mviewer.tests.TestNGClass">
    <skipped/>
  </testcase> <!-- verifyHomePage -->
  <testcase name="navigatetoServerStatistics" time="0.0" classname="org.imaginea.mviewer.tests.TestNGClass">
    <skipped/>
  </testcase> <!-- navigatetoServerStatistics -->
</testsuite> <!-- Default test -->
