<?xml version="1.0" encoding="UTF-8"?>
<!-- Generated by org.testng.reporters.JUnitXMLReporter -->
<testsuite hostname="preetham-d" name="mViewerTesting with Firefox" tests="17" failures="0" timestamp="9 Oct 2012 07:10:18 GMT" time="5.939" errors="0">
  <testcase name="verifyLoginpage" time="0.08" classname="org.imaginea.mviewer.tests.TestNGClass"/>
  <testcase name="verifyLoginpage" time="0.042" classname="org.imaginea.mviewer.tests.TestNGClass"/>
  <testcase name="verifyLoginpage" time="0.045" classname="org.imaginea.mviewer.tests.TestNGClass"/>
  <testcase name="verifyLoginpage" time="0.055" classname="org.imaginea.mviewer.tests.TestNGClass"/>
  <testcase name="verifyLoginpage" time="0.041" classname="org.imaginea.mviewer.tests.TestNGClass"/>
  <testcase name="loginmViewer" time="1.28" classname="org.imaginea.mviewer.tests.TestNGClass"/>
  <testcase name="verifyHomePage" time="0.031" classname="org.imaginea.mviewer.tests.TestNGClass"/>
  <testcase name="verifyHomePage" time="0.039" classname="org.imaginea.mviewer.tests.TestNGClass"/>
  <testcase name="verifyHomePage" time="0.028" classname="org.imaginea.mviewer.tests.TestNGClass"/>
  <testcase name="verifyHomePage" time="0.03" classname="org.imaginea.mviewer.tests.TestNGClass"/>
  <testcase name="verifyHomePage" time="0.032" classname="org.imaginea.mviewer.tests.TestNGClass"/>
  <testcase name="verifyHomePage" time="0.029" classname="org.imaginea.mviewer.tests.TestNGClass"/>
  <testcase name="verifyHomePage" time="0.023" classname="org.imaginea.mviewer.tests.TestNGClass"/>
  <testcase name="verifyHomePage" time="0.021" classname="org.imaginea.mviewer.tests.TestNGClass"/>
  <testcase name="verifyHomePage" time="0.022" classname="org.imaginea.mviewer.tests.TestNGClass"/>
  <testcase name="verifyHomePage" time="0.025" classname="org.imaginea.mviewer.tests.TestNGClass"/>
  <testcase name="navigatetoServerStatistics" time="0.137" classname="org.imaginea.mviewer.tests.TestNGClass"/>
</testsuite> <!-- mViewerTesting with Firefox -->
