<?xml version="1.0" encoding="UTF-8"?>
<!-- Generated by org.testng.reporters.JUnitXMLReporter -->
<testsuite hostname="preetham-d" name="mViewerTesting" tests="19" failures="0" timestamp="3 Oct 2012 06:35:52 GMT" time="21.886" errors="0">
  <testcase name="verifyLoginpage" time="0.062" classname="org.imaginea.mviewer.tests.TestNGClass"/>
  <testcase name="verifyLoginpage" time="0.027" classname="org.imaginea.mviewer.tests.TestNGClass"/>
  <testcase name="verifyLoginpage" time="0.024" classname="org.imaginea.mviewer.tests.TestNGClass"/>
  <testcase name="verifyLoginpage" time="0.03" classname="org.imaginea.mviewer.tests.TestNGClass"/>
  <testcase name="verifyLoginpage" time="0.025" classname="org.imaginea.mviewer.tests.TestNGClass"/>
  <testcase name="loginmViewer" time="1.047" classname="org.imaginea.mviewer.tests.TestNGClass"/>
  <testcase name="verifyHomePage" time="0.015" classname="org.imaginea.mviewer.tests.TestNGClass"/>
  <testcase name="verifyHomePage" time="0.021" classname="org.imaginea.mviewer.tests.TestNGClass"/>
  <testcase name="verifyHomePage" time="0.02" classname="org.imaginea.mviewer.tests.TestNGClass"/>
  <testcase name="verifyHomePage" time="0.015" classname="org.imaginea.mviewer.tests.TestNGClass"/>
  <testcase name="verifyHomePage" time="0.016" classname="org.imaginea.mviewer.tests.TestNGClass"/>
  <testcase name="verifyHomePage" time="0.013" classname="org.imaginea.mviewer.tests.TestNGClass"/>
  <testcase name="verifyHomePage" time="0.014" classname="org.imaginea.mviewer.tests.TestNGClass"/>
  <testcase name="verifyHomePage" time="0.015" classname="org.imaginea.mviewer.tests.TestNGClass"/>
  <testcase name="verifyHomePage" time="0.013" classname="org.imaginea.mviewer.tests.TestNGClass"/>
  <testcase name="verifyHomePage" time="0.013" classname="org.imaginea.mviewer.tests.TestNGClass"/>
  <testcase name="disconnect" time="0.202" classname="org.imaginea.mviewer.tests.TestNGClass"/>
  <testcase name="createDB" time="0.971" classname="org.imaginea.mviewer.tests.LeftNavigationTest"/>
  <testcase name="checkdbOptions" time="12.478" classname="org.imaginea.mviewer.tests.LeftNavigationTest"/>
</testsuite> <!-- mViewerTesting -->
