<?xml version="1.0" encoding="UTF-8"?>
<!-- Generated by org.testng.reporters.JUnitXMLReporter -->
<testsuite hostname="preetham-d" name="mViewerTesting with Chrome" tests="8" failures="0" timestamp="3 Oct 2012 08:53:46 GMT" time="0.063" errors="0">
  <testcase name="@BeforeClass beforeClass" time="0.0" classname="org.imaginea.mviewer.tests.TestNGClass">
    <failure type="java.lang.IllegalStateException" message="The path to the driver executable must be set by the webdriver.chrome.driver system property; for more information, see http://code.google.com/p/selenium/wiki/ChromeDriver. The latest version can be downloaded from http://code.google.com/p/chromedriver/downloads/list">
      <![CDATA[java.lang.IllegalStateException: The path to the driver executable must be set by the webdriver.chrome.driver system property; for more information, see http://code.google.com/p/selenium/wiki/ChromeDriver. The latest version can be downloaded from http://code.google.com/p/chromedriver/downloads/list
	at com.google.common.base.Preconditions.checkState(Preconditions.java:176)
	at org.openqa.selenium.remote.service.DriverService.findExecutable(DriverService.java:105)
	at org.openqa.selenium.chrome.ChromeDriverService.createDefaultService(ChromeDriverService.java:69)
	at org.openqa.selenium.chrome.ChromeDriver.<init>(ChromeDriver.java:107)
	at org.imaginea.mviewer.common.BaseClass.driverInitialization(BaseClass.java:86)
	at org.imaginea.mviewer.tests.TestNGClass.beforeClass(TestNGClass.java:113)
... Removed 24 stack frames]]>
    </failure>
  </testcase> <!-- @BeforeClass beforeClass -->
  <testcase name="@BeforeMethod beforeMethod" time="0.0" classname="org.imaginea.mviewer.tests.TestNGClass">
    <skipped/>
  </testcase> <!-- @BeforeMethod beforeMethod -->
  <testcase name="@AfterMethod afterMethod" time="0.0" classname="org.imaginea.mviewer.tests.TestNGClass">
    <skipped/>
  </testcase> <!-- @AfterMethod afterMethod -->
  <testcase name="@BeforeMethod beforeMethod" time="0.0" classname="org.imaginea.mviewer.tests.TestNGClass">
    <skipped/>
  </testcase> <!-- @BeforeMethod beforeMethod -->
  <testcase name="@AfterMethod afterMethod" time="0.0" classname="org.imaginea.mviewer.tests.TestNGClass">
    <skipped/>
  </testcase> <!-- @AfterMethod afterMethod -->
  <testcase name="@BeforeMethod beforeMethod" time="0.0" classname="org.imaginea.mviewer.tests.TestNGClass">
    <skipped/>
  </testcase> <!-- @BeforeMethod beforeMethod -->
  <testcase name="@AfterMethod afterMethod" time="0.0" classname="org.imaginea.mviewer.tests.TestNGClass">
    <skipped/>
  </testcase> <!-- @AfterMethod afterMethod -->
  <testcase name="@BeforeMethod beforeMethod" time="0.0" classname="org.imaginea.mviewer.tests.TestNGClass">
    <skipped/>
  </testcase> <!-- @BeforeMethod beforeMethod -->
  <testcase name="@AfterMethod afterMethod" time="0.0" classname="org.imaginea.mviewer.tests.TestNGClass">
    <skipped/>
  </testcase> <!-- @AfterMethod afterMethod -->
  <testcase name="@BeforeMethod beforeMethod" time="0.0" classname="org.imaginea.mviewer.tests.TestNGClass">
    <skipped/>
  </testcase> <!-- @BeforeMethod beforeMethod -->
  <testcase name="@AfterMethod afterMethod" time="0.0" classname="org.imaginea.mviewer.tests.TestNGClass">
    <skipped/>
  </testcase> <!-- @AfterMethod afterMethod -->
  <testcase name="@AfterClass afterClass" time="0.0" classname="org.imaginea.mviewer.tests.TestNGClass">
    <skipped/>
  </testcase> <!-- @AfterClass afterClass -->
  <testcase name="@AfterTest afterTest" time="0.0" classname="org.imaginea.mviewer.tests.TestNGClass">
    <skipped/>
  </testcase> <!-- @AfterTest afterTest -->
  <testcase name="verifyLoginpage" time="0.0" classname="org.imaginea.mviewer.tests.TestNGClass">
    <skipped/>
  </testcase> <!-- verifyLoginpage -->
  <testcase name="verifyLoginpage" time="0.001" classname="org.imaginea.mviewer.tests.TestNGClass">
    <skipped/>
  </testcase> <!-- verifyLoginpage -->
  <testcase name="verifyLoginpage" time="0.0" classname="org.imaginea.mviewer.tests.TestNGClass">
    <skipped/>
  </testcase> <!-- verifyLoginpage -->
  <testcase name="verifyLoginpage" time="0.0" classname="org.imaginea.mviewer.tests.TestNGClass">
    <skipped/>
  </testcase> <!-- verifyLoginpage -->
  <testcase name="verifyLoginpage" time="0.0" classname="org.imaginea.mviewer.tests.TestNGClass">
    <skipped/>
  </testcase> <!-- verifyLoginpage -->
  <testcase name="loginmViewer" time="0.001" classname="org.imaginea.mviewer.tests.TestNGClass">
    <skipped/>
  </testcase> <!-- loginmViewer -->
  <testcase name="verifyHomePage" time="0.001" classname="org.imaginea.mviewer.tests.TestNGClass">
    <skipped/>
  </testcase> <!-- verifyHomePage -->
  <testcase name="navigatetoServerStatistics" time="0.0" classname="org.imaginea.mviewer.tests.TestNGClass">
    <skipped/>
  </testcase> <!-- navigatetoServerStatistics -->
</testsuite> <!-- mViewerTesting with Chrome -->
